#
# There is insufficient memory for the Java Runtime Environment to continue.
# Native memory allocation (malloc) failed to allocate 1048576 bytes for AllocateHeap
# Possible reasons:
#   The system is out of physical RAM or swap space
#   In 32 bit mode, the process size limit was hit
# Possible solutions:
#   Reduce memory load on the system
#   Increase physical memory or swap space
#   Check if swap backing store is full
#   Use 64 bit Java on a 64 bit OS
#   Decrease Java heap size (-Xmx/-Xms)
#   Decrease number of Java threads
#   Decrease Java thread stack sizes (-Xss)
#   Set larger code cache with -XX:ReservedCodeCacheSize=
# This output file may be truncated or incomplete.
#
#  Out of Memory Error (memory/allocation.inline.hpp:61), pid=11524, tid=8252
#
# JRE version:  (8.0_91-b14) (build )
# Java VM: Java HotSpot(TM) 64-Bit Server VM (25.91-b14 mixed mode windows-amd64 compressed oops)
# Failed to write core dump. Minidumps are not enabled by default on client versions of Windows
#

---------------  T H R E A D  ---------------

Current thread (0x00000000030de800):  JavaThread "Unknown thread" [_thread_in_vm, id=8252, stack(0x00000000030e0000,0x00000000031e0000)]

Stack: [0x00000000030e0000,0x00000000031e0000]
[error occurred during error reporting (printing stack bounds), id 0xc0000005]

Native frames: (J=compiled Java code, j=interpreted, Vv=VM code, C=native code)


---------------  P R O C E S S  ---------------

Java Threads: ( => current thread )

Other Threads:

=>0x00000000030de800 (exited) JavaThread "Unknown thread" [_thread_in_vm, id=8252, stack(0x00000000030e0000,0x00000000031e0000)]

VM state:not at safepoint (normal execution)

VM Mutex/Monitor currently owned by a thread: None

Heap:
 PSYoungGen      total 38400K, used 665K [0x00000000eab00000, 0x00000000ed580000, 0x0000000100000000)
  eden space 33280K, 2% used [0x00000000eab00000,0x00000000eaba6670,0x00000000ecb80000)
  from space 5120K, 0% used [0x00000000ed080000,0x00000000ed080000,0x00000000ed580000)
  to   space 5120K, 0% used [0x00000000ecb80000,0x00000000ecb80000,0x00000000ed080000)
 ParOldGen       total 87552K, used 0K [0x00000000c0000000, 0x00000000c5580000, 0x00000000eab00000)
  object space 87552K, 0% used [0x00000000c0000000,0x00000000c0000000,0x00000000c5580000)
 Metaspace       used 769K, capacity 4480K, committed 4480K, reserved 1056768K
  class space    used 75K, capacity 384K, committed 384K, reserved 1048576K

Card table byte_map: [0x00000000126a0000,0x00000000128b0000] byte_map_base: 0x00000000120a0000

Marking Bits: (ParMarkBitMap*) 0x0000000051ff2f70
 Begin Bits: [0x0000000013210000, 0x0000000014210000)
 End Bits:   [0x0000000014210000, 0x0000000015210000)

Polling page: 0x0000000003060000

CodeCache: size=245760Kb used=328Kb max_used=328Kb free=245431Kb
 bounds [0x00000000032e0000, 0x0000000003550000, 0x00000000122e0000]
 total_blobs=58 nmethods=0 adapters=38
 compilation: enabled

Compilation events (0 events):
No events

GC Heap History (0 events):
No events

Deoptimization events (0 events):
No events

Internal exceptions (0 events):
No events

Events (10 events):
Event: 0.081 loading class java/lang/Short
Event: 0.081 loading class java/lang/Short done
Event: 0.081 loading class java/lang/Integer
Event: 0.082 loading class java/lang/Integer done
Event: 0.082 loading class java/lang/Long
Event: 0.082 loading class java/lang/Long done
Event: 0.085 loading class java/lang/NullPointerException
Event: 0.085 loading class java/lang/NullPointerException done
Event: 0.085 loading class java/lang/ArithmeticException
Event: 0.085 loading class java/lang/ArithmeticException done


Dynamic libraries:
0x00007ff600230000 - 0x00007ff600267000 	C:\Program Files\Java\jdk1.8.0_91\bin\java.exe
0x00007ffb8b9f0000 - 0x00007ffb8bbc1000 	C:\WINDOWS\SYSTEM32\ntdll.dll
0x00007ffb8adf0000 - 0x00007ffb8ae9b000 	C:\WINDOWS\System32\KERNEL32.DLL
0x00007ffb88000000 - 0x00007ffb8821d000 	C:\WINDOWS\System32\KERNELBASE.dll
0x00007ffb8b280000 - 0x00007ffb8b322000 	C:\WINDOWS\System32\ADVAPI32.dll
0x00007ffb893f0000 - 0x00007ffb8948e000 	C:\WINDOWS\System32\msvcrt.dll
0x00007ffb8b990000 - 0x00007ffb8b9e9000 	C:\WINDOWS\System32\sechost.dll
0x00007ffb89530000 - 0x00007ffb89651000 	C:\WINDOWS\System32\RPCRT4.dll
0x00007ffb8b330000 - 0x00007ffb8b495000 	C:\WINDOWS\System32\USER32.dll
0x00007ffb87f30000 - 0x00007ffb87f4e000 	C:\WINDOWS\System32\win32u.dll
0x00007ffb8b950000 - 0x00007ffb8b984000 	C:\WINDOWS\System32\GDI32.dll
0x00007ffb88500000 - 0x00007ffb88682000 	C:\WINDOWS\System32\gdi32full.dll
0x00007ffb7ec00000 - 0x00007ffb7ee79000 	C:\WINDOWS\WinSxS\amd64_microsoft.windows.common-controls_6595b64144ccf1df_6.0.14393.0_none_2d0f50fcbdb171b8\COMCTL32.dll
0x00007ffb89120000 - 0x00007ffb893e7000 	C:\WINDOWS\System32\combase.dll
0x00007ffb88e20000 - 0x00007ffb88f15000 	C:\WINDOWS\System32\ucrtbase.dll
0x00007ffb88490000 - 0x00007ffb884fa000 	C:\WINDOWS\System32\bcryptPrimitives.dll
0x00007ffb894f0000 - 0x00007ffb8951e000 	C:\WINDOWS\System32\IMM32.DLL
0x0000000051360000 - 0x0000000051432000 	C:\Program Files\Java\jdk1.8.0_91\jre\bin\msvcr100.dll
0x00000000517e0000 - 0x0000000052073000 	C:\Program Files\Java\jdk1.8.0_91\jre\bin\server\jvm.dll
0x00007ffb8b130000 - 0x00007ffb8b138000 	C:\WINDOWS\System32\PSAPI.DLL
0x00007ffb76c70000 - 0x00007ffb76c79000 	C:\WINDOWS\SYSTEM32\WSOCK32.dll
0x00007ffb8acd0000 - 0x00007ffb8ad3a000 	C:\WINDOWS\System32\WS2_32.dll
0x00007ffb85e10000 - 0x00007ffb85e33000 	C:\WINDOWS\SYSTEM32\WINMM.dll
0x00007ffb81a80000 - 0x00007ffb81a8a000 	C:\WINDOWS\SYSTEM32\VERSION.dll
0x00007ffb85da0000 - 0x00007ffb85dcb000 	C:\WINDOWS\SYSTEM32\WINMMBASE.dll
0x00007ffb87ee0000 - 0x00007ffb87f22000 	C:\WINDOWS\System32\cfgmgr32.dll
0x00000000517d0000 - 0x00000000517df000 	C:\Program Files\Java\jdk1.8.0_91\jre\bin\verify.dll
0x00000000517a0000 - 0x00000000517c9000 	C:\Program Files\Java\jdk1.8.0_91\jre\bin\java.dll
0x0000000051780000 - 0x0000000051796000 	C:\Program Files\Java\jdk1.8.0_91\jre\bin\zip.dll

VM Arguments:
jvm_args: -Djava.awt.headless=true -Xmx1024M -Dfile.encoding=x-windows-949 -Duser.country=US -Duser.language=en -Duser.variant 
java_command: com.android.dx.command.Main --dex --force-jumbo --num-threads=4 --multi-dex --output C:\Users\Pope Yang I\AndroidStudioProjects\MyApplication\app\build\intermediates\transforms\dex\debug\folders\1000\5\slice_5 C:\Users\Pope Yang I\AndroidStudioProjects\MyApplication\app\build\intermediates\transforms\instantRunSlicer\debug\folders\1\5\slice_5
java_class_path (initial): C:\Users\Pope Yang I\AppData\Local\Android\Sdk\build-tools\24.0.3\lib\dx.jar
Launcher Type: SUN_STANDARD

Environment Variables:
JAVA_HOME=C:\Program Files\Java\jdk1.8.0_91
CLASSPATH=.;C:\Program Files\Java\jdk1.8.0_91\lib;
PATH=C:\APP\Oracle\database\12.1.0\dbhome_1\bin;C:\APP\Oracle\databace\12.1.0\dbhome_1\bin;C:\APP\Oracle\database12c\bin;C:\Program Files\NVIDIA GPU Computing Toolkit\CUDA\v7.5\bin;C:\Program Files\NVIDIA GPU Computing Toolkit\CUDA\v7.5\libnvvp;C:\Users\Documents\product\11.2.0\client_1\bin;C:\Program Files (x86)\Razer Chroma SDK\bin;C:\Program Files\Razer Chroma SDK\bin;C:\ProgramData\Oracle\Java\javapath;C:\WINDOWS\system32;C:\WINDOWS;C:\WINDOWS\System32\Wbem;C:\WINDOWS\System32\WindowsPowerShell\v1.0\;C:\Users\Pope Yang I\.dnx\bin;C:\Program Files\Microsoft DNX\Dnvm\;C:\Program Files (x86)\NVIDIA Corporation\PhysX\Common;C:\Program Files (x86)\Windows Kits\8.1\Windows Performance Toolkit\;C:\Users\Pope Yang I\AppData\Local\atom\bin;C:\APP\LLVM\bin;C:\cntk\cntk;C:\Program Files\Java\jdk1.8.0_91\bin;C:\Program Files\Java\jre1.8.0_91;C:\Program Files\Java\jdk1.8.0_91\jre\bin;C:\APP\Brackets\command;C:\Program Files\Microsoft SQL Server\110\Tools\Binn\;C:\Program Files\Git\cmd;C:\Program Files\Microsoft SQL Server\130\Tools\Binn\;C:\WINDOWS\system32;C:\WINDOWS;C:\WINDOWS\System32\Wbem;C:\WINDOWS\System32\WindowsPowerShell\v1.0\;C:\APP\Python\Python35-32\Scripts\;C:\APP\Python\Python35-32\;C:\Users\Pope Yang I\.dnx\bin;C:\Users\Pope Yang I\AppData\Local\atom\bin;;C:\Program Files (x86)\Microsoft VS Code\bin;C:\Users\Pope Yang I\AppData\Local\Microsoft\WindowsApps
USERNAME=Pope Yang I
OS=Windows_NT
PROCESSOR_IDENTIFIER=Intel64 Family 6 Model 60 Stepping 3, GenuineIntel



---------------  S Y S T E M  ---------------

OS: Windows 10.0 , 64 bit Build 14393 (10.0.14393.0)

CPU:total 8 (4 cores per cpu, 2 threads per core) family 6 model 60 stepping 3, cmov, cx8, fxsr, mmx, sse, sse2, sse3, ssse3, sse4.1, sse4.2, popcnt, avx, avx2, aes, clmul, erms, lzcnt, ht, tsc, tscinvbit, bmi1, bmi2

Memory: 4k page, physical 8270908k(2048664k free), swap 8270908k(4504k free)

vm_info: Java HotSpot(TM) 64-Bit Server VM (25.91-b14) for windows-amd64 JRE (1.8.0_91-b14), built on Apr  1 2016 00:58:32 by "java_re" with MS VC++ 10.0 (VS2010)

time: Mon Oct 10 21:06:47 2016
elapsed time: 0 seconds (0d 0h 0m 0s)

